<?xml version="1.0" encoding="UTF-8"?>
<testng-results ignored="0" total="1" passed="1" failed="0" skipped="0">
  <reporter-output>
  </reporter-output>
  <suite started-at="2025-04-14T22:23:59 IST" name="Default suite" finished-at="2025-04-14T22:25:08 IST" duration-ms="68909">
    <groups>
      <group name="cucumber">
        <method signature="AbstractTestNGCucumberTests.runScenario(io.cucumber.testng.PickleWrapper,io.cucumber.testng.FeatureWrapper)[pri:0, instance:testRunner.TestRunner@17bffc17]" name="runScenario" class="io.cucumber.testng.AbstractTestNGCucumberTests"/>
      </group> <!-- cucumber -->
    </groups>
    <test started-at="2025-04-14T22:23:59 IST" name="Default test" finished-at="2025-04-14T22:25:08 IST" duration-ms="68909">
      <class name="testRunner.TestRunner">
        <test-method is-config="true" signature="setUpClass(org.testng.ITestContext)[pri:0, instance:testRunner.TestRunner@17bffc17]" started-at="2025-04-14T22:23:59 IST" name="setUpClass" finished-at="2025-04-14T22:24:00 IST" duration-ms="714" status="PASS">
          <params>
            <param index="0">
              <value>
                <![CDATA[org.testng.TestRunner@2fd8b081]]>
              </value>
            </param>
          </params>
          <reporter-output>
          </reporter-output>
        </test-method> <!-- setUpClass -->
        <test-method signature="runScenario(io.cucumber.testng.PickleWrapper,io.cucumber.testng.FeatureWrapper)[pri:0, instance:testRunner.TestRunner@17bffc17]" started-at="2025-04-14T22:24:00 IST" name="runScenario" description="Runs Cucumber Scenarios" data-provider="scenarios" finished-at="2025-04-14T22:25:07 IST" duration-ms="67259" status="PASS">
          <params>
            <param index="0">
              <value>
                <![CDATA["User registers a new patient, uploads an attachment, ends the visit, and deletes the patient record"]]>
              </value>
            </param>
            <param index="1">
              <value>
                <![CDATA["Patient Registration, Attachment Upload, and Deletion in OpenMRS"]]>
              </value>
            </param>
          </params>
          <reporter-output>
          </reporter-output>
        </test-method> <!-- runScenario -->
        <test-method is-config="true" signature="tearDownClass()[pri:0, instance:testRunner.TestRunner@17bffc17]" started-at="2025-04-14T22:25:07 IST" name="tearDownClass" finished-at="2025-04-14T22:25:08 IST" duration-ms="888" status="PASS">
          <reporter-output>
          </reporter-output>
        </test-method> <!-- tearDownClass -->
      </class> <!-- testRunner.TestRunner -->
    </test> <!-- Default test -->
  </suite> <!-- Default suite -->
</testng-results>
