<?xml version="1.0" encoding="UTF-8"?>
<testng-results ignored="0" total="1" passed="0" failed="1" skipped="0">
  <reporter-output>
  </reporter-output>
  <suite started-at="2025-04-14T16:42:55 IST" name="Default suite" finished-at="2025-04-14T16:43:34 IST" duration-ms="39042">
    <groups>
      <group name="cucumber">
        <method signature="AbstractTestNGCucumberTests.runScenario(io.cucumber.testng.PickleWrapper,io.cucumber.testng.FeatureWrapper)[pri:0, instance:testRunner.TestRunner@17bffc17]" name="runScenario" class="io.cucumber.testng.AbstractTestNGCucumberTests"/>
      </group> <!-- cucumber -->
    </groups>
    <test started-at="2025-04-14T16:42:55 IST" name="Default test" finished-at="2025-04-14T16:43:34 IST" duration-ms="39042">
      <class name="testRunner.TestRunner">
        <test-method is-config="true" signature="setUpClass(org.testng.ITestContext)[pri:0, instance:testRunner.TestRunner@17bffc17]" started-at="2025-04-14T16:42:55 IST" name="setUpClass" finished-at="2025-04-14T16:42:56 IST" duration-ms="756" status="PASS">
          <params>
            <param index="0">
              <value>
                <![CDATA[org.testng.TestRunner@5737d116]]>
              </value>
            </param>
          </params>
          <reporter-output>
          </reporter-output>
        </test-method> <!-- setUpClass -->
        <test-method signature="runScenario(io.cucumber.testng.PickleWrapper,io.cucumber.testng.FeatureWrapper)[pri:0, instance:testRunner.TestRunner@17bffc17]" started-at="2025-04-14T16:42:56 IST" name="runScenario" description="Runs Cucumber Scenarios" data-provider="scenarios" finished-at="2025-04-14T16:43:34 IST" duration-ms="37446" status="FAIL">
          <params>
            <param index="0">
              <value>
                <![CDATA["User registers a new patient, uploads an attachment, ends the visit, and deletes the patient record"]]>
              </value>
            </param>
            <param index="1">
              <value>
                <![CDATA["Patient Registration, Attachment Upload, and Deletion in OpenMRS"]]>
              </value>
            </param>
          </params>
          <exception class="java.lang.RuntimeException">
            <message>
              <![CDATA[org.openqa.selenium.UnhandledAlertException: unexpected alert open: {Alert text : The operation cannot be completed, because you are no longer logged in. Do you want to go to login page?}
  (Session info: chrome=135.0.7049.85): The operation cannot be completed, because you are no longer logged in. Do you want to go to login page?
Build info: version: '4.30.0', revision: '509c7f17cc*'
System info: os.name: 'Windows 11', os.arch: 'amd64', os.version: '10.0', java.version: '17.0.10'
Driver info: org.openqa.selenium.chrome.ChromeDriver
Command: [acdc2966bb6adcf0bda8b15223f96a83, findElement {using=xpath, value=(//div[@class='col-11 col-lg-10'])[1]}]
Capabilities {acceptInsecureCerts: false, browserName: chrome, browserVersion: 135.0.7049.85, chrome: {chromedriverVersion: 135.0.7049.84 (6c019e560019..., userDataDir: C:\Users\a851335\AppData\Lo...}, fedcm:accounts: true, goog:chromeOptions: {debuggerAddress: localhost:51538}, networkConnectionEnabled: false, pageLoadStrategy: normal, platformName: windows, proxy: Proxy(), se:cdp: ws://localhost:51538/devtoo..., se:cdpVersion: 135.0.7049.85, setWindowRect: true, strictFileInteractability: false, timeouts: {implicit: 0, pageLoad: 300000, script: 30000}, unhandledPromptBehavior: dismiss and notify, webauthn:extension:credBlob: true, webauthn:extension:largeBlob: true, webauthn:extension:minPinLength: true, webauthn:extension:prf: true, webauthn:virtualAuthenticators: true}
Session ID: acdc2966bb6adcf0bda8b15223f96a83]]>
            </message>
            <full-stacktrace>
              <![CDATA[java.lang.RuntimeException: org.openqa.selenium.UnhandledAlertException: unexpected alert open: {Alert text : The operation cannot be completed, because you are no longer logged in. Do you want to go to login page?}
  (Session info: chrome=135.0.7049.85): The operation cannot be completed, because you are no longer logged in. Do you want to go to login page?
Build info: version: '4.30.0', revision: '509c7f17cc*'
System info: os.name: 'Windows 11', os.arch: 'amd64', os.version: '10.0', java.version: '17.0.10'
Driver info: org.openqa.selenium.chrome.ChromeDriver
Command: [acdc2966bb6adcf0bda8b15223f96a83, findElement {using=xpath, value=(//div[@class='col-11 col-lg-10'])[1]}]
Capabilities {acceptInsecureCerts: false, browserName: chrome, browserVersion: 135.0.7049.85, chrome: {chromedriverVersion: 135.0.7049.84 (6c019e560019..., userDataDir: C:\Users\a851335\AppData\Lo...}, fedcm:accounts: true, goog:chromeOptions: {debuggerAddress: localhost:51538}, networkConnectionEnabled: false, pageLoadStrategy: normal, platformName: windows, proxy: Proxy(), se:cdp: ws://localhost:51538/devtoo..., se:cdpVersion: 135.0.7049.85, setWindowRect: true, strictFileInteractability: false, timeouts: {implicit: 0, pageLoad: 300000, script: 30000}, unhandledPromptBehavior: dismiss and notify, webauthn:extension:credBlob: true, webauthn:extension:largeBlob: true, webauthn:extension:minPinLength: true, webauthn:extension:prf: true, webauthn:virtualAuthenticators: true}
Session ID: acdc2966bb6adcf0bda8b15223f96a83
at stepDefinitions.PatientDetailsSD.startAndConfirmVisit(PatientDetailsSD.java:51)
at ✽.user clicks on Start Visit and confirms the visit(file:///C:/Users/a851335/eclipse-workspace/OpenMRS_Framework/src/test/resources/features/OpenMRS.feature:20)
Caused by: org.openqa.selenium.UnhandledAlertException: unexpected alert open: {Alert text : The operation cannot be completed, because you are no longer logged in. Do you want to go to login page?}
  (Session info: chrome=135.0.7049.85): The operation cannot be completed, because you are no longer logged in. Do you want to go to login page?
Build info: version: '4.30.0', revision: '509c7f17cc*'
System info: os.name: 'Windows 11', os.arch: 'amd64', os.version: '10.0', java.version: '17.0.10'
Driver info: org.openqa.selenium.chrome.ChromeDriver
Command: [acdc2966bb6adcf0bda8b15223f96a83, findElement {using=xpath, value=(//div[@class='col-11 col-lg-10'])[1]}]
Capabilities {acceptInsecureCerts: false, browserName: chrome, browserVersion: 135.0.7049.85, chrome: {chromedriverVersion: 135.0.7049.84 (6c019e560019..., userDataDir: C:\Users\a851335\AppData\Lo...}, fedcm:accounts: true, goog:chromeOptions: {debuggerAddress: localhost:51538}, networkConnectionEnabled: false, pageLoadStrategy: normal, platformName: windows, proxy: Proxy(), se:cdp: ws://localhost:51538/devtoo..., se:cdpVersion: 135.0.7049.85, setWindowRect: true, strictFileInteractability: false, timeouts: {implicit: 0, pageLoad: 300000, script: 30000}, unhandledPromptBehavior: dismiss and notify, webauthn:extension:credBlob: true, webauthn:extension:largeBlob: true, webauthn:extension:minPinLength: true, webauthn:extension:prf: true, webauthn:virtualAuthenticators: true}
Session ID: acdc2966bb6adcf0bda8b15223f96a83
at org.openqa.selenium.remote.codec.w3c.W3CHttpResponseCodec.decode(W3CHttpResponseCodec.java:136)
at org.openqa.selenium.remote.codec.w3c.W3CHttpResponseCodec.decode(W3CHttpResponseCodec.java:50)
at org.openqa.selenium.remote.HttpCommandExecutor.execute(HttpCommandExecutor.java:215)
at org.openqa.selenium.remote.service.DriverCommandExecutor.invokeExecute(DriverCommandExecutor.java:216)
at org.openqa.selenium.remote.service.DriverCommandExecutor.execute(DriverCommandExecutor.java:174)
at org.openqa.selenium.remote.RemoteWebDriver.execute(RemoteWebDriver.java:545)
at org.openqa.selenium.remote.ElementLocation$ElementFinder$2.findElement(ElementLocation.java:165)
at org.openqa.selenium.remote.ElementLocation.findElement(ElementLocation.java:59)
at org.openqa.selenium.remote.RemoteWebDriver.findElement(RemoteWebDriver.java:368)
at org.openqa.selenium.remote.RemoteWebDriver.findElement(RemoteWebDriver.java:362)
at org.openqa.selenium.support.ui.ExpectedConditions$7.apply(ExpectedConditions.java:194)
at org.openqa.selenium.support.ui.ExpectedConditions$7.apply(ExpectedConditions.java:190)
at org.openqa.selenium.support.ui.ExpectedConditions$22.apply(ExpectedConditions.java:627)
at org.openqa.selenium.support.ui.ExpectedConditions$22.apply(ExpectedConditions.java:624)
at org.openqa.selenium.support.ui.FluentWait.until(FluentWait.java:203)
at objectRepository.BasePage.waitForElementToBeClickable(BasePage.java:28)
at objectRepository.BasePage.clickElement(BasePage.java:33)
at objectRepository.PatientDetailsPage.clickStartVisitLink(PatientDetailsPage.java:69)
at stepDefinitions.PatientDetailsSD.startAndConfirmVisit(PatientDetailsSD.java:43)
... 1 more
]]>
            </full-stacktrace>
          </exception> <!-- java.lang.RuntimeException -->
          <reporter-output>
          </reporter-output>
        </test-method> <!-- runScenario -->
        <test-method is-config="true" signature="tearDownClass()[pri:0, instance:testRunner.TestRunner@17bffc17]" started-at="2025-04-14T16:43:34 IST" name="tearDownClass" finished-at="2025-04-14T16:43:34 IST" duration-ms="790" status="PASS">
          <reporter-output>
          </reporter-output>
        </test-method> <!-- tearDownClass -->
      </class> <!-- testRunner.TestRunner -->
    </test> <!-- Default test -->
  </suite> <!-- Default suite -->
</testng-results>
