<?xml version="1.0" encoding="UTF-8"?>
<!-- Generated by org.testng.reporters.JUnitReportReporter -->
<testsuite hostname="DESKTOP-5OAK7BC" failures="0" tests="1" name="testRunner.TestRunner" time="37.446" errors="1" timestamp="2025-04-14T16:43:35 IST" skipped="0">
  <testcase classname="testRunner.TestRunner" name="runScenario" time="37.446">
    <error message="org.openqa.selenium.UnhandledAlertException: unexpected alert open: {Alert text : The operation cannot be completed, because you are no longer logged in. Do you want to go to login page?}
  (Session info: chrome=135.0.7049.85): The operation cannot be completed, because you are no longer logged in. Do you want to go to login page?
Build info: version: &#039;4.30.0&#039;, revision: &#039;509c7f17cc*&#039;
System info: os.name: &#039;Windows 11&#039;, os.arch: &#039;amd64&#039;, os.version: &#039;10.0&#039;, java.version: &#039;17.0.10&#039;
Driver info: org.openqa.selenium.chrome.ChromeDriver
Command: [acdc2966bb6adcf0bda8b15223f96a83, findElement {using=xpath, value=(//div[@class=&#039;col-11 col-lg-10&#039;])[1]}]
Capabilities {acceptInsecureCerts: false, browserName: chrome, browserVersion: 135.0.7049.85, chrome: {chromedriverVersion: 135.0.7049.84 (6c019e560019..., userDataDir: C:\Users\a851335\AppData\Lo...}, fedcm:accounts: true, goog:chromeOptions: {debuggerAddress: localhost:51538}, networkConnectionEnabled: false, pageLoadStrategy: normal, platformName: windows, proxy: Proxy(), se:cdp: ws://localhost:51538/devtoo..., se:cdpVersion: 135.0.7049.85, setWindowRect: true, strictFileInteractability: false, timeouts: {implicit: 0, pageLoad: 300000, script: 30000}, unhandledPromptBehavior: dismiss and notify, webauthn:extension:credBlob: true, webauthn:extension:largeBlob: true, webauthn:extension:minPinLength: true, webauthn:extension:prf: true, webauthn:virtualAuthenticators: true}
Session ID: acdc2966bb6adcf0bda8b15223f96a83" type="java.lang.RuntimeException">
      <![CDATA[java.lang.RuntimeException: org.openqa.selenium.UnhandledAlertException: unexpected alert open: {Alert text : The operation cannot be completed, because you are no longer logged in. Do you want to go to login page?}
  (Session info: chrome=135.0.7049.85): The operation cannot be completed, because you are no longer logged in. Do you want to go to login page?
Build info: version: '4.30.0', revision: '509c7f17cc*'
System info: os.name: 'Windows 11', os.arch: 'amd64', os.version: '10.0', java.version: '17.0.10'
Driver info: org.openqa.selenium.chrome.ChromeDriver
Command: [acdc2966bb6adcf0bda8b15223f96a83, findElement {using=xpath, value=(//div[@class='col-11 col-lg-10'])[1]}]
Capabilities {acceptInsecureCerts: false, browserName: chrome, browserVersion: 135.0.7049.85, chrome: {chromedriverVersion: 135.0.7049.84 (6c019e560019..., userDataDir: C:\Users\a851335\AppData\Lo...}, fedcm:accounts: true, goog:chromeOptions: {debuggerAddress: localhost:51538}, networkConnectionEnabled: false, pageLoadStrategy: normal, platformName: windows, proxy: Proxy(), se:cdp: ws://localhost:51538/devtoo..., se:cdpVersion: 135.0.7049.85, setWindowRect: true, strictFileInteractability: false, timeouts: {implicit: 0, pageLoad: 300000, script: 30000}, unhandledPromptBehavior: dismiss and notify, webauthn:extension:credBlob: true, webauthn:extension:largeBlob: true, webauthn:extension:minPinLength: true, webauthn:extension:prf: true, webauthn:virtualAuthenticators: true}
Session ID: acdc2966bb6adcf0bda8b15223f96a83
at stepDefinitions.PatientDetailsSD.startAndConfirmVisit(PatientDetailsSD.java:51)
at ✽.user clicks on Start Visit and confirms the visit(file:///C:/Users/a851335/eclipse-workspace/OpenMRS_Framework/src/test/resources/features/OpenMRS.feature:20)
Caused by: org.openqa.selenium.UnhandledAlertException: unexpected alert open: {Alert text : The operation cannot be completed, because you are no longer logged in. Do you want to go to login page?}
  (Session info: chrome=135.0.7049.85): The operation cannot be completed, because you are no longer logged in. Do you want to go to login page?
Build info: version: '4.30.0', revision: '509c7f17cc*'
System info: os.name: 'Windows 11', os.arch: 'amd64', os.version: '10.0', java.version: '17.0.10'
Driver info: org.openqa.selenium.chrome.ChromeDriver
Command: [acdc2966bb6adcf0bda8b15223f96a83, findElement {using=xpath, value=(//div[@class='col-11 col-lg-10'])[1]}]
Capabilities {acceptInsecureCerts: false, browserName: chrome, browserVersion: 135.0.7049.85, chrome: {chromedriverVersion: 135.0.7049.84 (6c019e560019..., userDataDir: C:\Users\a851335\AppData\Lo...}, fedcm:accounts: true, goog:chromeOptions: {debuggerAddress: localhost:51538}, networkConnectionEnabled: false, pageLoadStrategy: normal, platformName: windows, proxy: Proxy(), se:cdp: ws://localhost:51538/devtoo..., se:cdpVersion: 135.0.7049.85, setWindowRect: true, strictFileInteractability: false, timeouts: {implicit: 0, pageLoad: 300000, script: 30000}, unhandledPromptBehavior: dismiss and notify, webauthn:extension:credBlob: true, webauthn:extension:largeBlob: true, webauthn:extension:minPinLength: true, webauthn:extension:prf: true, webauthn:virtualAuthenticators: true}
Session ID: acdc2966bb6adcf0bda8b15223f96a83
at org.openqa.selenium.remote.codec.w3c.W3CHttpResponseCodec.decode(W3CHttpResponseCodec.java:136)
at org.openqa.selenium.remote.codec.w3c.W3CHttpResponseCodec.decode(W3CHttpResponseCodec.java:50)
at org.openqa.selenium.remote.HttpCommandExecutor.execute(HttpCommandExecutor.java:215)
at org.openqa.selenium.remote.service.DriverCommandExecutor.invokeExecute(DriverCommandExecutor.java:216)
at org.openqa.selenium.remote.service.DriverCommandExecutor.execute(DriverCommandExecutor.java:174)
at org.openqa.selenium.remote.RemoteWebDriver.execute(RemoteWebDriver.java:545)
at org.openqa.selenium.remote.ElementLocation$ElementFinder$2.findElement(ElementLocation.java:165)
at org.openqa.selenium.remote.ElementLocation.findElement(ElementLocation.java:59)
at org.openqa.selenium.remote.RemoteWebDriver.findElement(RemoteWebDriver.java:368)
at org.openqa.selenium.remote.RemoteWebDriver.findElement(RemoteWebDriver.java:362)
at org.openqa.selenium.support.ui.ExpectedConditions$7.apply(ExpectedConditions.java:194)
at org.openqa.selenium.support.ui.ExpectedConditions$7.apply(ExpectedConditions.java:190)
at org.openqa.selenium.support.ui.ExpectedConditions$22.apply(ExpectedConditions.java:627)
at org.openqa.selenium.support.ui.ExpectedConditions$22.apply(ExpectedConditions.java:624)
at org.openqa.selenium.support.ui.FluentWait.until(FluentWait.java:203)
at objectRepository.BasePage.waitForElementToBeClickable(BasePage.java:28)
at objectRepository.BasePage.clickElement(BasePage.java:33)
at objectRepository.PatientDetailsPage.clickStartVisitLink(PatientDetailsPage.java:69)
at stepDefinitions.PatientDetailsSD.startAndConfirmVisit(PatientDetailsSD.java:43)
... 1 more
]]>
    </error>
  </testcase> <!-- runScenario -->
</testsuite> <!-- testRunner.TestRunner -->
